<?xml version="1.0" encoding="utf-8"?><testsuites name="pytest tests"><testsuite name="pytest" errors="0" failures="0" skipped="0" tests="11" time="2.639" timestamp="2026-08-28T05:13:30.744915+00:00" hostname="agent-env-6da6ad3e-f482-48a2-9281-21d6d000c034"><testcase classname="tests.backend_test.TestAuth" name="test_login_success" time="0.531" /><testcase classname="tests.backend_test.TestAuth" name="test_login_wrong_password" time="0.450" /><testcase classname="tests.backend_test.TestDashboard" name="test_stats" time="0.983" /><testcase classname="tests.backend_test.TestDashboard" name="test_subscription" time="0.321" /><testcase classname="tests.backend_test.TestAuth" name="test_auth_me" time="0.452" /><testcase classname="tests.backend_test.TestLogs" name="test_whatsapp_logs" time="0.134" /><testcase classname="tests.backend_test.TestProducts" name="test_create_and_list_product" time="0.372" /><testcase classname="tests.backend_test.TestLogs" name="test_audit_logs" time="0.147" /><testcase classname="tests.backend_test.TestTransactions" name="test_create_transaction_flow" time="0.556" /><testcase classname="tests.backend_test.TestCustomers" name="test_create_and_list_customer" time="0.399" /><testcase classname="tests.backend_test.TestBilling" name="test_upgrade_pro" time="0.104" /></testsuite></testsuites>